<?xml version="1.0" encoding="UTF-8"?>
<!-- Generated by org.testng.reporters.JUnitXMLReporter -->
<testsuite hostname="vasu-PC" name="Sree" tests="8" failures="0" timestamp="14 Mar 2019 14:50:15 GMT" time="20.964" errors="0">
  <testcase name="adminLogin" time="9.947" classname="com.vasu.testng.AdminLoginTest"/>
  <testcase name="first" time="0.002" classname="com.vasu.testng.FirstTestNg"/>
  <testcase name="appLogin" time="1.271" classname="com.vasu.testng.BeforeTestAndAfterTest"/>
  <testcase name="method2" time="0.001" classname="com.vasu.testng.AnnotationTest"/>
  <testcase name="method1" time="0.002" classname="com.vasu.testng.AnnotationTest"/>
  <testcase name="appLaunch" time="0.002" classname="com.vasu.testng.MultipleTestNg"/>
  <testcase name="appLogin" time="0.001" classname="com.vasu.testng.MultipleTestNg"/>
  <testcase name="appClose" time="0.002" classname="com.vasu.testng.MultipleTestNg"/>
</testsuite> <!-- Sree -->
